0 info it worked if it ends with ok
1 verbose cli [ 'C:\\Program Files\\nodejs\\node.exe',
1 verbose cli   'C:\\Program Files\\nodejs\\node_modules\\npm\\bin\\npm-cli.js',
1 verbose cli   'start' ]
2 info using npm@3.10.8
3 info using node@v6.9.1
4 verbose run-script [ 'prestart', 'start', 'poststart' ]
5 info lifecycle angular-reddit@0.0.0~prestart: angular-reddit@0.0.0
6 silly lifecycle angular-reddit@0.0.0~prestart: no script for prestart, continuing
7 info lifecycle angular-reddit@0.0.0~start: angular-reddit@0.0.0
8 verbose lifecycle angular-reddit@0.0.0~start: unsafe-perm in lifecycle true
9 verbose lifecycle angular-reddit@0.0.0~start: PATH: C:\Program Files\nodejs\node_modules\npm\bin\node-gyp-bin;C:\develop\Angular\ng-book-code\first-app\angular-reddit\node_modules\.bin;C:\Oracle\product\11.2.0\client_1\bin;C:\Windows\system32;C:\Windows;C:\Windows\System32\Wbem;C:\Windows\System32\WindowsPowerShell\v1.0\;C:\Windows\System32\WindowsPowerShell\v1.0\;C:\Windows\CCM;C:\Windows\CCM;C:\Windows\CCM;C:\Windows\CCM;C:\Program Files (x86)\Microsoft Application Virtualization Client;C:\Program Files\Citrix\System32\;C:\Program Files\Citrix\ICAService\;C:\Sybase\OCS-15_0\lib3p64;C:\Sybase\OCS-15_0\lib3p;C:\Sybase\OCS-15_0\dll;C:\Sybase\OCS-15_0\bin;C:\Windows\SysWOW64\;C:\Windows\SysWOW64\Wbem;C:\Windows\SysWOW64\WindowsPowerShell\v1.0;C:\Program Files (x86)\ZANTAZ\EAS Outlook Addin\bin;C:\sybase\DataAccess\ADONET\dll;C:\sybase\DataAccess\OLEDB\dll;C:\sybase\DataAccess\ODBC\dll;C:\sybase\DBISQL\bin;C:\sybase\shared\JRE-6_0_6_32BIT\bin;C:\Program Files\Microsoft\Web Platform Installer\;C:\Program Files (x86)\Microsoft ASP.NET\ASP.NET Web Pages\v1.0\;C:\Program Files\Microsoft SQL Server\110\Tools\Binn\;C:\Program Files (x86)\Microsoft SQL Server\110\Tools\Binn\ManagementStudio\;C:\Program Files (x86)\Microsoft SQL Server\110\Tools\Binn\;C:\Program Files (x86)\Microsoft Visual Studio 10.0\Common7\IDE\PrivateAssemblies\;C:\Program Files (x86)\Microsoft SQL Server\110\DTS\Binn\;C:\Program Files\Microsoft SQL Server\110\DTS\Binn\;C:\Program Files (x86)\Microsoft Visual Studio 11.0\Common7\IDE\PrivateAssemblies\;C:\Program Files\Microsoft SQL Server\120\Tools\Binn\;C:\Program Files\Microsoft SQL Server\130\Tools\Binn\;C:\Program Files (x86)\Microsoft SQL Server\130\DTS\Binn\;C:\Program Files\Microsoft SQL Server\Client SDK\ODBC\110\Tools\Binn\;C:\Program Files (x86)\Microsoft SQL Server\120\Tools\Binn\ManagementStudio\;C:\Program Files (x86)\Microsoft SQL Server\120\Tools\Binn\;C:\Program Files (x86)\Microsoft SQL Server\120\DTS\Binn\;C:\Program Files\Microsoft SQL Server\120\DTS\Binn\;C:\Program Files (x86)\Microsoft SQL Server\Client SDK\ODBC\130\Tools\Binn\;C:\Program Files (x86)\Microsoft SQL Server\130\Tools\Binn\;C:\Program Files (x86)\Microsoft SQL Server\130\Tools\Binn\ManagementStudio\;C:\Program Files (x86)\WebEx\Productivity Tools;C:\ProgramData\Oracle\Java\javapath;C:\Program Files (x86)\QuickTime\QTSystem;C:\Program Files (x86)\WebEx\PTools020000000;C:\Windows\System32\WindowsPowerShell\v1.0\;C:\Program Files\nodejs\;C:\Program Files\dotnet\;C:\Program Files (x86)\GtkSharp\2.12\bin;%USERPROFILE%\.dnx\bin;C:\Program Files\Microsoft DNX\Dnvm\;C:\Program Files\Amazon\AWSCLI\;C:\Program Files (x86)\PuTTY\;C:\Hashicorp;C:\Program Files (x86)\Microsoft Team Foundation Server 2015 Power Tools\;C:\Program Files (x86)\WinMerge;C:\Program Files\Git\cmd;C:\HashiCorp\Vagrant\bin;C:\Windows\System32\WindowsPowerShell\v1.0\;C:\blp\DAPI;C:\blp\DAPI\DDE;C:\Projects\sonarqube\sonarqube-4.5.6\bin;C:\Projects\sonarqube\sonar-scanner-2.5\bin;C:\Program Files (x86)\Microsoft Visual Studio 12.0\Common7\IDE;C:\Users\appdo94\AppData\Roaming\npm;C:\Users\appdo94\AppData\Local\atom\bin;C:\Users\appdo94\AppData\Local\Programs\Python\Python36-32;C:\Python34\Scripts;C:\Users\appdo94\AppData\Roaming\Python\Scripts;C:\Users\appdo94\AppData\Local\Programs\Python\Python36-32\Scripts\;C:\Program Files\Docker Toolbox;C:\Program Files (x86)\Microsoft VS Code\bin;c:\hashicorp;C:\Users\appdo94\AppData\Local\GitHubDesktop\bin;c:\develop\bats
10 verbose lifecycle angular-reddit@0.0.0~start: CWD: C:\develop\Angular\ng-book-code\first-app\angular-reddit
11 silly lifecycle angular-reddit@0.0.0~start: Args: [ '/d /s /c', 'ng serve' ]
12 silly lifecycle angular-reddit@0.0.0~start: Returned: code: 3221225786  signal: null
13 info lifecycle angular-reddit@0.0.0~start: Failed to exec start script
14 verbose stack Error: angular-reddit@0.0.0 start: `ng serve`
14 verbose stack Exit status 3221225786
14 verbose stack     at EventEmitter.<anonymous> (C:\Program Files\nodejs\node_modules\npm\lib\utils\lifecycle.js:255:16)
14 verbose stack     at emitTwo (events.js:106:13)
14 verbose stack     at EventEmitter.emit (events.js:191:7)
14 verbose stack     at ChildProcess.<anonymous> (C:\Program Files\nodejs\node_modules\npm\lib\utils\spawn.js:40:14)
14 verbose stack     at emitTwo (events.js:106:13)
14 verbose stack     at ChildProcess.emit (events.js:191:7)
14 verbose stack     at maybeClose (internal/child_process.js:877:16)
14 verbose stack     at Process.ChildProcess._handle.onexit (internal/child_process.js:226:5)
15 verbose pkgid angular-reddit@0.0.0
16 verbose cwd C:\develop\Angular\ng-book-code\first-app\angular-reddit
17 error Windows_NT 6.1.7601
18 error argv "C:\\Program Files\\nodejs\\node.exe" "C:\\Program Files\\nodejs\\node_modules\\npm\\bin\\npm-cli.js" "start"
19 error node v6.9.1
20 error npm  v3.10.8
21 error code ELIFECYCLE
22 error angular-reddit@0.0.0 start: `ng serve`
22 error Exit status 3221225786
23 error Failed at the angular-reddit@0.0.0 start script 'ng serve'.
23 error Make sure you have the latest version of node.js and npm installed.
23 error If you do, this is most likely a problem with the angular-reddit package,
23 error not with npm itself.
23 error Tell the author that this fails on your system:
23 error     ng serve
23 error You can get information on how to open an issue for this project with:
23 error     npm bugs angular-reddit
23 error Or if that isn't available, you can get their info via:
23 error     npm owner ls angular-reddit
23 error There is likely additional logging output above.
24 verbose exit [ 1, true ]
